This is pdfTeX, Version 3.14159265-2.6-1.40.17 (TeX Live 2016) (preloaded format=pdflatex 2016.12.20)  28 NOV 2017 13:15
entering extended mode
 restricted \write18 enabled.
 %&-line parsing enabled.
**"Review of Passive Wireless Sensors.tex"
(./Review of Passive Wireless Sensors.tex
LaTeX2e <2016/03/31>
Babel <3.9r> and hyphenation patterns for 83 language(s) loaded.
(/usr/local/texlive/2016/texmf-dist/tex/latex/base/article.cls
Document Class: article 2014/09/29 v1.4h Standard LaTeX document class
(/usr/local/texlive/2016/texmf-dist/tex/latex/base/size11.clo
File: size11.clo 2014/09/29 v1.4h Standard LaTeX file (size option)
)
\c@part=\count79
\c@section=\count80
\c@subsection=\count81
\c@subsubsection=\count82
\c@paragraph=\count83
\c@subparagraph=\count84
\c@figure=\count85
\c@table=\count86
\abovecaptionskip=\skip41
\belowcaptionskip=\skip42
\bibindent=\dimen102
)
(/usr/local/texlive/2016/texmf-dist/tex/latex/geometry/geometry.sty
Package: geometry 2010/09/12 v5.6 Page Geometry

(/usr/local/texlive/2016/texmf-dist/tex/latex/graphics/keyval.sty
Package: keyval 2014/10/28 v1.15 key=value parser (DPC)
\KV@toks@=\toks14
)
(/usr/local/texlive/2016/texmf-dist/tex/generic/oberdiek/ifpdf.sty
Package: ifpdf 2016/05/14 v3.1 Provides the ifpdf switch
)
(/usr/local/texlive/2016/texmf-dist/tex/generic/oberdiek/ifvtex.sty
Package: ifvtex 2016/05/16 v1.6 Detect VTeX and its facilities (HO)
Package ifvtex Info: VTeX not detected.
)
(/usr/local/texlive/2016/texmf-dist/tex/generic/ifxetex/ifxetex.sty
Package: ifxetex 2010/09/12 v0.6 Provides ifxetex conditional
)
\Gm@cnth=\count87
\Gm@cntv=\count88
\c@Gm@tempcnt=\count89
\Gm@bindingoffset=\dimen103
\Gm@wd@mp=\dimen104
\Gm@odd@mp=\dimen105
\Gm@even@mp=\dimen106
\Gm@layoutwidth=\dimen107
\Gm@layoutheight=\dimen108
\Gm@layouthoffset=\dimen109
\Gm@layoutvoffset=\dimen110
\Gm@dimlist=\toks15
)
(/usr/local/texlive/2016/texmf-dist/tex/latex/graphics/graphicx.sty
Package: graphicx 2014/10/28 v1.0g Enhanced LaTeX Graphics (DPC,SPQR)

(/usr/local/texlive/2016/texmf-dist/tex/latex/graphics/graphics.sty
Package: graphics 2016/05/09 v1.0r Standard LaTeX Graphics (DPC,SPQR)

(/usr/local/texlive/2016/texmf-dist/tex/latex/graphics/trig.sty
Package: trig 2016/01/03 v1.10 sin cos tan (DPC)
)
(/usr/local/texlive/2016/texmf-dist/tex/latex/graphics-cfg/graphics.cfg
File: graphics.cfg 2016/01/02 v1.10 sample graphics configuration
)
Package graphics Info: Driver file: pdftex.def on input line 96.

(/usr/local/texlive/2016/texmf-dist/tex/latex/pdftex-def/pdftex.def
File: pdftex.def 2011/05/27 v0.06d Graphics/color for pdfTeX

(/usr/local/texlive/2016/texmf-dist/tex/generic/oberdiek/infwarerr.sty
Package: infwarerr 2016/05/16 v1.4 Providing info/warning/error messages (HO)
)
(/usr/local/texlive/2016/texmf-dist/tex/generic/oberdiek/ltxcmds.sty
Package: ltxcmds 2016/05/16 v1.23 LaTeX kernel commands for general use (HO)
)
\Gread@gobject=\count90
))
\Gin@req@height=\dimen111
\Gin@req@width=\dimen112
)
(/usr/local/texlive/2016/texmf-dist/tex/latex/caption/caption.sty
Package: caption 2016/02/21 v3.3-144 Customizing captions (AR)

(/usr/local/texlive/2016/texmf-dist/tex/latex/caption/caption3.sty
Package: caption3 2016/02/04 v1.7-139 caption3 kernel (AR)
Package caption3 Info: TeX engine: e-TeX on input line 67.
\captionmargin=\dimen113
\captionmargin@=\dimen114
\captionwidth=\dimen115
\caption@tempdima=\dimen116
\caption@indent=\dimen117
\caption@parindent=\dimen118
\caption@hangindent=\dimen119
)
\c@ContinuedFloat=\count91
)
(/usr/local/texlive/2016/texmf-dist/tex/latex/caption/subcaption.sty
Package: subcaption 2016/02/20 v1.1-142 Sub-captions (AR)
\c@subfigure=\count92
\c@subtable=\count93
)
(/usr/local/texlive/2016/texmf-dist/tex/latex/cite/cite.sty
LaTeX Info: Redefining \cite on input line 302.
LaTeX Info: Redefining \nocite on input line 332.
Package: cite 2015/02/27  v 5.5
)
(./Review of Passive Wireless Sensors.aux)
\openout1 = `"Review of Passive Wireless Sensors.aux"'.

LaTeX Font Info:    Checking defaults for OML/cmm/m/it on input line 8.
LaTeX Font Info:    ... okay on input line 8.
LaTeX Font Info:    Checking defaults for T1/cmr/m/n on input line 8.
LaTeX Font Info:    ... okay on input line 8.
LaTeX Font Info:    Checking defaults for OT1/cmr/m/n on input line 8.
LaTeX Font Info:    ... okay on input line 8.
LaTeX Font Info:    Checking defaults for OMS/cmsy/m/n on input line 8.
LaTeX Font Info:    ... okay on input line 8.
LaTeX Font Info:    Checking defaults for OMX/cmex/m/n on input line 8.
LaTeX Font Info:    ... okay on input line 8.
LaTeX Font Info:    Checking defaults for U/cmr/m/n on input line 8.
LaTeX Font Info:    ... okay on input line 8.

*geometry* driver: auto-detecting
*geometry* detected driver: pdftex
*geometry* verbose mode - [ preamble ] result:
* driver: pdftex
* paper: a4paper
* layout: <same size as paper>
* layoutoffset:(h,v)=(0.0pt,0.0pt)
* modes: 
* h-part:(L,W,R)=(63.87643pt, 469.75499pt, 63.87645pt)
* v-part:(T,H,B)=(34.48474pt, 758.83499pt, 51.72711pt)
* \paperwidth=597.50787pt
* \paperheight=845.04684pt
* \textwidth=469.75499pt
* \textheight=758.83499pt
* \oddsidemargin=-8.39355pt
* \evensidemargin=-8.39355pt
* \topmargin=-74.78525pt
* \headheight=12.0pt
* \headsep=25.0pt
* \topskip=11.0pt
* \footskip=30.0pt
* \marginparwidth=50.0pt
* \marginparsep=10.0pt
* \columnsep=10.0pt
* \skip\footins=10.0pt plus 4.0pt minus 2.0pt
* \hoffset=0.0pt
* \voffset=0.0pt
* \mag=1000
* \@twocolumnfalse
* \@twosidefalse
* \@mparswitchfalse
* \@reversemarginfalse
* (1in=72.27pt=25.4mm, 1cm=28.453pt)

(/usr/local/texlive/2016/texmf-dist/tex/context/base/mkii/supp-pdf.mkii
[Loading MPS to PDF converter (version 2006.09.02).]
\scratchcounter=\count94
\scratchdimen=\dimen120
\scratchbox=\box26
\nofMPsegments=\count95
\nofMParguments=\count96
\everyMPshowfont=\toks16
\MPscratchCnt=\count97
\MPscratchDim=\dimen121
\MPnumerator=\count98
\makeMPintoPDFobject=\count99
\everyMPtoPDFconversion=\toks17
) (/usr/local/texlive/2016/texmf-dist/tex/generic/oberdiek/pdftexcmds.sty
Package: pdftexcmds 2016/05/10 v0.21 Utility functions of pdfTeX for LuaTeX (HO
)

(/usr/local/texlive/2016/texmf-dist/tex/generic/oberdiek/ifluatex.sty
Package: ifluatex 2016/05/16 v1.4 Provides the ifluatex switch (HO)
Package ifluatex Info: LuaTeX not detected.
)
Package pdftexcmds Info: LuaTeX not detected.
Package pdftexcmds Info: \pdf@primitive is available.
Package pdftexcmds Info: \pdf@ifprimitive is available.
Package pdftexcmds Info: \pdfdraftmode found.
)
(/usr/local/texlive/2016/texmf-dist/tex/latex/oberdiek/epstopdf-base.sty
Package: epstopdf-base 2016/05/15 v2.6 Base part for package epstopdf

(/usr/local/texlive/2016/texmf-dist/tex/latex/oberdiek/grfext.sty
Package: grfext 2016/05/16 v1.2 Manage graphics extensions (HO)

(/usr/local/texlive/2016/texmf-dist/tex/generic/oberdiek/kvdefinekeys.sty
Package: kvdefinekeys 2016/05/16 v1.4 Define keys (HO)
))
(/usr/local/texlive/2016/texmf-dist/tex/latex/oberdiek/kvoptions.sty
Package: kvoptions 2016/05/16 v3.12 Key value format for package options (HO)

(/usr/local/texlive/2016/texmf-dist/tex/generic/oberdiek/kvsetkeys.sty
Package: kvsetkeys 2016/05/16 v1.17 Key value parser (HO)

(/usr/local/texlive/2016/texmf-dist/tex/generic/oberdiek/etexcmds.sty
Package: etexcmds 2016/05/16 v1.6 Avoid name clashes with e-TeX commands (HO)
Package etexcmds Info: Could not find \expanded.
(etexcmds)             That can mean that you are not using pdfTeX 1.50 or
(etexcmds)             that some package has redefined \expanded.
(etexcmds)             In the latter case, load this package earlier.
)))
Package grfext Info: Graphics extension search list:
(grfext)             [.png,.pdf,.jpg,.mps,.jpeg,.jbig2,.jb2,.PNG,.PDF,.JPG,.JPE
G,.JBIG2,.JB2,.eps]
(grfext)             \AppendGraphicsExtensions on input line 456.

(/usr/local/texlive/2016/texmf-dist/tex/latex/latexconfig/epstopdf-sys.cfg
File: epstopdf-sys.cfg 2010/07/13 v1.3 Configuration of (r)epstopdf for TeX Liv
e
))
Package caption Info: Begin \AtBeginDocument code.
Package caption Info: End \AtBeginDocument code.
LaTeX Font Info:    External font `cmex10' loaded for size
(Font)              <12> on input line 12.
LaTeX Font Info:    External font `cmex10' loaded for size
(Font)              <8> on input line 12.
LaTeX Font Info:    External font `cmex10' loaded for size
(Font)              <6> on input line 12.

(./Review of Passive Wireless Sensors.toc
LaTeX Font Info:    External font `cmex10' loaded for size
(Font)              <10.95> on input line 3.
)
\tf@toc=\write3
\openout3 = `"Review of Passive Wireless Sensors.toc"'.

 [1

{/usr/local/texlive/2016/texmf-var/fonts/map/pdftex/updmap/pdftex.map}]
Missing character: There is no Ã in font cmr10!
Missing character: There is no © in font cmr10!

<harsh1.JPG, id=11, 453.94594pt x 296.60812pt>
File: harsh1.JPG Graphic file (type jpg)
 <use harsh1.JPG>
Package pdftex.def Info: harsh1.JPG used on input line 41.
(pdftex.def)             Requested size: 352.31624pt x 230.20383pt.


LaTeX Warning: `h' float specifier changed to `ht'.

[2] <graphene1.JPG, id=20, 359.09157pt x 277.78781pt>
File: graphene1.JPG Graphic file (type jpg)
 <use graphene1.JPG>
Package pdftex.def Info: graphene1.JPG used on input line 63.
(pdftex.def)             Requested size: 234.87749pt x 181.70013pt.

[3 <./harsh1.JPG> <./graphene1.JPG>]
<stub.JPG, id=24, 569.12625pt x 268.75406pt>
File: stub.JPG Graphic file (type jpg)
 <use stub.JPG>
Package pdftex.def Info: stub.JPG used on input line 81.
(pdftex.def)             Requested size: 352.31624pt x 166.37975pt.

<folded.JPG, id=25, 205.5178pt x 173.89969pt>
File: folded.JPG Graphic file (type jpg)
 <use folded.JPG>
Package pdftex.def Info: folded.JPG used on input line 93.
(pdftex.def)             Requested size: 176.15811pt x 149.05725pt.


LaTeX Warning: `h' float specifier changed to `ht'.

[4 <./stub.JPG>] <patch.JPG, id=30, 477.28313pt x 169.38281pt>
File: patch.JPG Graphic file (type jpg)
 <use patch.JPG>
Package pdftex.def Info: patch.JPG used on input line 127.
(pdftex.def)             Requested size: 352.31624pt x 125.03116pt.

[5 <./folded.JPG> <./patch.JPG>]
<cavity.JPG, id=34, 362.10281pt x 255.95625pt>
File: cavity.JPG Graphic file (type jpg)
 <use cavity.JPG>
Package pdftex.def Info: cavity.JPG used on input line 139.
(pdftex.def)             Requested size: 234.87749pt x 166.0259pt.
 [6 <./cavity.JPG>]
Package epstopdf Info: Source file: <voltage.eps>
(epstopdf)                    date: 2017-11-28 12:10:17
(epstopdf)                    size: 1185749 bytes
(epstopdf)             Output file: <voltage-eps-converted-to.pdf>
(epstopdf)                    date: 2017-11-28 12:10:17
(epstopdf)                    size: 351918 bytes
(epstopdf)             Command: <repstopdf --outfile=voltage-eps-converted-to.p
df voltage.eps>
(epstopdf)             \includegraphics on input line 176.
Package epstopdf Info: Output file is already uptodate.
 <voltage-eps-converted-to.pdf, id=40, 809.0225pt x 316.18124pt>
File: voltage-eps-converted-to.pdf Graphic file (type pdf)

<use voltage-eps-converted-to.pdf>
Package pdftex.def Info: voltage-eps-converted-to.pdf used on input line 176.
(pdftex.def)             Requested size: 469.75499pt x 183.5927pt.
 [7 <./voltage-eps-converted-to.pdf>]
<low_f.JPG, id=48, 456.95718pt x 242.40562pt>
File: low_f.JPG Graphic file (type jpg)
 <use low_f.JPG>
Package pdftex.def Info: low_f.JPG used on input line 194.
(pdftex.def)             Requested size: 234.87749pt x 124.598pt.

<SAWdelay.JPG, id=49, 408.77719pt x 263.48438pt>
File: SAWdelay.JPG Graphic file (type jpg)
 <use SAWdelay.JPG>
Package pdftex.def Info: SAWdelay.JPG used on input line 224.
(pdftex.def)             Requested size: 176.15811pt x 113.54533pt.


LaTeX Warning: `h' float specifier changed to `ht'.

[8 <./low_f.JPG>] <relax.JPG, id=53, 549.55313pt x 201.75375pt>
File: relax.JPG Graphic file (type jpg)

<use relax.JPG>
Package pdftex.def Info: relax.JPG used on input line 256.
(pdftex.def)             Requested size: 234.87749pt x 86.22906pt.
 [9 <./SAWdelay.JPG> <./relax.JPG>]
<srr.JPG, id=57, 318.43968pt x 319.1925pt>
File: srr.JPG Graphic file (type jpg)
 <use srr.JPG>
Package pdftex.def Info: srr.JPG used on input line 274.
(pdftex.def)             Requested size: 176.15811pt x 176.57434pt.

<nested.JPG, id=58, 309.40594pt x 313.17pt>
File: nested.JPG Graphic file (type jpg)
 <use nested.JPG>
Package pdftex.def Info: nested.JPG used on input line 279.
(pdftex.def)             Requested size: 176.15811pt x 178.30804pt.
 [10 <./srr.JPG> <./nested.JPG>] [11] (./Review of Passive Wireless Sensors.bbl

Underfull \hbox (badness 4699) in paragraph at lines 11--15
[]\OT1/cmr/m/n/10.95 Mario Car-dullo.  Gen-e-sis of the ver-sa-tile rfid tag.  
\OT1/cmr/m/it/10.95 RFID Jour-nal\OT1/cmr/m/n/10.95 , 4 2003.
 []

[12] [13] [14]) [15] (./Review of Passive Wireless Sensors.aux) ) 
Here is how much of TeX's memory you used:
 3301 strings out of 493014
 51725 string characters out of 6133350
 120386 words of memory out of 5000000
 6812 multiletter control sequences out of 15000+600000
 9157 words of font info for 32 fonts, out of 8000000 for 9000
 1141 hyphenation exceptions out of 8191
 38i,7n,39p,1157b,472s stack positions out of 5000i,500n,10000p,200000b,80000s
</usr/local/te
xlive/2016/texmf-dist/fonts/type1/public/amsfonts/cm/cmbx10.pfb></usr/local/tex
live/2016/texmf-dist/fonts/type1/public/amsfonts/cm/cmbx12.pfb></usr/local/texl
ive/2016/texmf-dist/fonts/type1/public/amsfonts/cm/cmex10.pfb></usr/local/texli
ve/2016/texmf-dist/fonts/type1/public/amsfonts/cm/cmmi10.pfb></usr/local/texliv
e/2016/texmf-dist/fonts/type1/public/amsfonts/cm/cmmi6.pfb></usr/local/texlive/
2016/texmf-dist/fonts/type1/public/amsfonts/cm/cmmi8.pfb></usr/local/texlive/20
16/texmf-dist/fonts/type1/public/amsfonts/cm/cmr10.pfb></usr/local/texlive/2016
/texmf-dist/fonts/type1/public/amsfonts/cm/cmr12.pfb></usr/local/texlive/2016/t
exmf-dist/fonts/type1/public/amsfonts/cm/cmr17.pfb></usr/local/texlive/2016/tex
mf-dist/fonts/type1/public/amsfonts/cm/cmr6.pfb></usr/local/texlive/2016/texmf-
dist/fonts/type1/public/amsfonts/cm/cmr8.pfb></usr/local/texlive/2016/texmf-dis
t/fonts/type1/public/amsfonts/cm/cmsy10.pfb></usr/local/texlive/2016/texmf-dist
/fonts/type1/public/amsfonts/cm/cmsy8.pfb></usr/local/texlive/2016/texmf-dist/f
onts/type1/public/amsfonts/cm/cmti10.pfb>
Output written on "Review of Passive Wireless Sensors.pdf" (15 pages, 956629 by
tes).
PDF statistics:
 123 PDF objects out of 1000 (max. 8388607)
 79 compressed objects within 1 object stream
 0 named destinations out of 1000 (max. 500000)
 61 words of extra memory for PDF output out of 10000 (max. 10000000)

